[ Episode 1 / Step 0 ]
# # # # # # # # # # 
# T B B H         # 
#                 # 
#                 # 
#                 # 
#                 # 
# F               # 
#                 # 
#                 # 
# # # # # # # # # # 
[ last/next direc: Direc.RIGHT/Direc.DOWN ]

[ Episode 1 / Step 1 ]
# # # # # # # # # # 
#   T B B         # 
#       H         # 
#                 # 
#                 # 
#                 # 
# F               # 
#                 # 
#                 # 
# # # # # # # # # # 
[ last/next direc: Direc.DOWN/Direc.DOWN ]

[ Episode 1 / Step 2 ]
# # # # # # # # # # 
#     T B         # 
#       B         # 
#       H         # 
#                 # 
#                 # 
# F               # 
#                 # 
#                 # 
# # # # # # # # # # 
[ last/next direc: Direc.DOWN/Direc.DOWN ]

[ Episode 1 / Step 3 ]
# # # # # # # # # # 
#       T         # 
#       B         # 
#       B         # 
#       H         # 
#                 # 
# F               # 
#                 # 
#                 # 
# # # # # # # # # # 
[ last/next direc: Direc.DOWN/Direc.DOWN ]

[ Episode 1 / Step 4 ]
# # # # # # # # # # 
#                 # 
#       T         # 
#       B         # 
#       B         # 
#       H         # 
# F               # 
#                 # 
#                 # 
# # # # # # # # # # 
[ last/next direc: Direc.DOWN/Direc.DOWN ]

[ Episode 1 / Step 5 ]
# # # # # # # # # # 
#                 # 
#                 # 
#       T         # 
#       B         # 
#       B         # 
# F     H         # 
#                 # 
#                 # 
# # # # # # # # # # 
[ last/next direc: Direc.DOWN/Direc.LEFT ]

[ Episode 1 / Step 6 ]
# # # # # # # # # # 
#                 # 
#                 # 
#                 # 
#       T         # 
#       B         # 
# F   H B         # 
#                 # 
#                 # 
# # # # # # # # # # 
[ last/next direc: Direc.LEFT/Direc.LEFT ]

[ Episode 1 / Step 7 ]
# # # # # # # # # # 
#                 # 
#                 # 
#                 # 
#                 # 
#       T         # 
# F H B B         # 
#                 # 
#                 # 
# # # # # # # # # # 
[ last/next direc: Direc.LEFT/Direc.LEFT ]

[ Episode 1 / Step 8 ]
# # # # # # # # # # 
#                 # 
#                 # 
#           F     # 
#                 # 
#       T         # 
# H B B B         # 
#                 # 
#                 # 
# # # # # # # # # # 
[ last/next direc: Direc.LEFT/Direc.UP ]

[ Episode 1 / Step 9 ]
# # # # # # # # # # 
#                 # 
#                 # 
#           F     # 
#                 # 
# H               # 
# B B B T         # 
#                 # 
#                 # 
# # # # # # # # # # 
[ last/next direc: Direc.UP/Direc.UP ]

[ Episode 1 / Step 10 ]
# # # # # # # # # # 
#                 # 
#                 # 
#           F     # 
# H               # 
# B               # 
# B B T           # 
#                 # 
#                 # 
# # # # # # # # # # 
[ last/next direc: Direc.UP/Direc.UP ]

[ Episode 1 / Step 11 ]
# # # # # # # # # # 
#                 # 
#                 # 
# H         F     # 
# B               # 
# B               # 
# B T             # 
#                 # 
#                 # 
# # # # # # # # # # 
[ last/next direc: Direc.UP/Direc.RIGHT ]

[ Episode 1 / Step 12 ]
# # # # # # # # # # 
#                 # 
#                 # 
# B H       F     # 
# B               # 
# B               # 
# T               # 
#                 # 
#                 # 
# # # # # # # # # # 
[ last/next direc: Direc.RIGHT/Direc.RIGHT ]

[ Episode 1 / Step 13 ]
# # # # # # # # # # 
#                 # 
#                 # 
# B B H     F     # 
# B               # 
# T               # 
#                 # 
#                 # 
#                 # 
# # # # # # # # # # 
[ last/next direc: Direc.RIGHT/Direc.RIGHT ]

[ Episode 1 / Step 14 ]
# # # # # # # # # # 
#                 # 
#                 # 
# B B B H   F     # 
# T               # 
#                 # 
#                 # 
#                 # 
#                 # 
# # # # # # # # # # 
[ last/next direc: Direc.RIGHT/Direc.RIGHT ]

[ Episode 1 / Step 15 ]
# # # # # # # # # # 
#                 # 
#                 # 
# T B B B H F     # 
#                 # 
#                 # 
#                 # 
#                 # 
#                 # 
# # # # # # # # # # 
[ last/next direc: Direc.RIGHT/Direc.RIGHT ]

[ Episode 1 / Step 16 ]
# # # # # # # # # # 
#             F   # 
#                 # 
# T B B B B H     # 
#                 # 
#                 # 
#                 # 
#                 # 
#                 # 
# # # # # # # # # # 
[ last/next direc: Direc.RIGHT/Direc.RIGHT ]

[ Episode 1 / Step 17 ]
# # # # # # # # # # 
#             F   # 
#                 # 
#   T B B B B H   # 
#                 # 
#                 # 
#                 # 
#                 # 
#                 # 
# # # # # # # # # # 
[ last/next direc: Direc.RIGHT/Direc.UP ]

[ Episode 1 / Step 18 ]
# # # # # # # # # # 
#             F   # 
#             H   # 
#     T B B B B   # 
#                 # 
#                 # 
#                 # 
#                 # 
#                 # 
# # # # # # # # # # 
[ last/next direc: Direc.UP/Direc.UP ]

[ Episode 1 / Step 19 ]
# # # # # # # # # # 
#             H   # 
#             B   # 
#     T B B B B   # 
#                 # 
#                 # 
#                 # 
#       F         # 
#                 # 
# # # # # # # # # # 
[ last/next direc: Direc.UP/Direc.RIGHT ]

[ Episode 1 / Step 20 ]
# # # # # # # # # # 
#             B H # 
#             B   # 
#       T B B B   # 
#                 # 
#                 # 
#                 # 
#       F         # 
#                 # 
# # # # # # # # # # 
[ last/next direc: Direc.RIGHT/Direc.DOWN ]

[ Episode 1 / Step 21 ]
# # # # # # # # # # 
#             B B # 
#             B H # 
#         T B B   # 
#                 # 
#                 # 
#                 # 
#       F         # 
#                 # 
# # # # # # # # # # 
[ last/next direc: Direc.DOWN/Direc.DOWN ]

[ Episode 1 / Step 22 ]
# # # # # # # # # # 
#             B B # 
#             B B # 
#           T B H # 
#                 # 
#                 # 
#                 # 
#       F         # 
#                 # 
# # # # # # # # # # 
[ last/next direc: Direc.DOWN/Direc.DOWN ]

[ Episode 1 / Step 23 ]
# # # # # # # # # # 
#             B B # 
#             B B # 
#             T B # 
#               H # 
#                 # 
#                 # 
#       F         # 
#                 # 
# # # # # # # # # # 
[ last/next direc: Direc.DOWN/Direc.DOWN ]

[ Episode 1 / Step 24 ]
# # # # # # # # # # 
#             B B # 
#             T B # 
#               B # 
#               B # 
#               H # 
#                 # 
#       F         # 
#                 # 
# # # # # # # # # # 
[ last/next direc: Direc.DOWN/Direc.DOWN ]

[ Episode 1 / Step 25 ]
# # # # # # # # # # 
#             T B # 
#               B # 
#               B # 
#               B # 
#               B # 
#               H # 
#       F         # 
#                 # 
# # # # # # # # # # 
[ last/next direc: Direc.DOWN/Direc.DOWN ]

[ Episode 1 / Step 26 ]
# # # # # # # # # # 
#               T # 
#               B # 
#               B # 
#               B # 
#               B # 
#               B # 
#       F       H # 
#                 # 
# # # # # # # # # # 
[ last/next direc: Direc.DOWN/Direc.LEFT ]

[ Episode 1 / Step 27 ]
# # # # # # # # # # 
#                 # 
#               T # 
#               B # 
#               B # 
#               B # 
#               B # 
#       F     H B # 
#                 # 
# # # # # # # # # # 
[ last/next direc: Direc.LEFT/Direc.LEFT ]

[ Episode 1 / Step 28 ]
# # # # # # # # # # 
#                 # 
#                 # 
#               T # 
#               B # 
#               B # 
#               B # 
#       F   H B B # 
#                 # 
# # # # # # # # # # 
[ last/next direc: Direc.LEFT/Direc.LEFT ]

[ Episode 1 / Step 29 ]
# # # # # # # # # # 
#                 # 
#                 # 
#                 # 
#               T # 
#               B # 
#               B # 
#       F H B B B # 
#                 # 
# # # # # # # # # # 
[ last/next direc: Direc.LEFT/Direc.LEFT ]

[ Episode 1 / Step 30 ]
# # # # # # # # # # 
#                 # 
#                 # 
#                 # 
#       F       T # 
#               B # 
#               B # 
#       H B B B B # 
#                 # 
# # # # # # # # # # 
[ last/next direc: Direc.LEFT/Direc.UP ]

[ Episode 1 / Step 31 ]
# # # # # # # # # # 
#                 # 
#                 # 
#                 # 
#       F         # 
#               T # 
#       H       B # 
#       B B B B B # 
#                 # 
# # # # # # # # # # 
[ last/next direc: Direc.UP/Direc.UP ]

[ Episode 1 / Step 32 ]
# # # # # # # # # # 
#                 # 
#                 # 
#                 # 
#       F         # 
#       H         # 
#       B       T # 
#       B B B B B # 
#                 # 
# # # # # # # # # # 
[ last/next direc: Direc.UP/Direc.UP ]

[ Episode 1 / Step 33 ]
# # # # # # # # # # 
#                 # 
#         F       # 
#                 # 
#       H         # 
#       B         # 
#       B       T # 
#       B B B B B # 
#                 # 
# # # # # # # # # # 
[ last/next direc: Direc.UP/Direc.UP ]

[ Episode 1 / Step 34 ]
# # # # # # # # # # 
#                 # 
#         F       # 
#       H         # 
#       B         # 
#       B         # 
#       B         # 
#       B B B B T # 
#                 # 
# # # # # # # # # # 
[ last/next direc: Direc.UP/Direc.UP ]

[ Episode 1 / Step 35 ]
# # # # # # # # # # 
#                 # 
#       H F       # 
#       B         # 
#       B         # 
#       B         # 
#       B         # 
#       B B B T   # 
#                 # 
# # # # # # # # # # 
[ last/next direc: Direc.UP/Direc.RIGHT ]

[ Episode 1 / Step 36 ]
# # # # # # # # # # 
#           F     # 
#       B H       # 
#       B         # 
#       B         # 
#       B         # 
#       B         # 
#       B B B T   # 
#                 # 
# # # # # # # # # # 
[ last/next direc: Direc.RIGHT/Direc.RIGHT ]

[ Episode 1 / Step 37 ]
# # # # # # # # # # 
#           F     # 
#       B B H     # 
#       B         # 
#       B         # 
#       B         # 
#       B         # 
#       B B T     # 
#                 # 
# # # # # # # # # # 
[ last/next direc: Direc.RIGHT/Direc.UP ]

[ Episode 1 / Step 38 ]
# # # # # # # # # # 
#           H     # 
#       B B B     # 
#       B       F # 
#       B         # 
#       B         # 
#       B         # 
#       B B T     # 
#                 # 
# # # # # # # # # # 
[ last/next direc: Direc.UP/Direc.RIGHT ]

[ Episode 1 / Step 39 ]
# # # # # # # # # # 
#           B H   # 
#       B B B     # 
#       B       F # 
#       B         # 
#       B         # 
#       B         # 
#       B T       # 
#                 # 
# # # # # # # # # # 
[ last/next direc: Direc.RIGHT/Direc.RIGHT ]

[ Episode 1 / Step 40 ]
# # # # # # # # # # 
#           B B H # 
#       B B B     # 
#       B       F # 
#       B         # 
#       B         # 
#       B         # 
#       T         # 
#                 # 
# # # # # # # # # # 
[ last/next direc: Direc.RIGHT/Direc.DOWN ]

[ Episode 1 / Step 41 ]
# # # # # # # # # # 
#           B B B # 
#       B B B   H # 
#       B       F # 
#       B         # 
#       B         # 
#       T         # 
#                 # 
#                 # 
# # # # # # # # # # 
[ last/next direc: Direc.DOWN/Direc.DOWN ]

[ Episode 1 / Step 42 ]
# # # # # # # # # # 
#           B B B # 
#       B B B   B # 
#       B       H # 
#       B         # 
#   F   B         # 
#       T         # 
#                 # 
#                 # 
# # # # # # # # # # 
[ last/next direc: Direc.DOWN/Direc.DOWN ]

[ Episode 1 / Step 43 ]
# # # # # # # # # # 
#           B B B # 
#       B B B   B # 
#       B       B # 
#       B       H # 
#   F   T         # 
#                 # 
#                 # 
#                 # 
# # # # # # # # # # 
[ last/next direc: Direc.DOWN/Direc.DOWN ]

[ Episode 1 / Step 44 ]
# # # # # # # # # # 
#           B B B # 
#       B B B   B # 
#       B       B # 
#       T       B # 
#   F           H # 
#                 # 
#                 # 
#                 # 
# # # # # # # # # # 
[ last/next direc: Direc.DOWN/Direc.LEFT ]

[ Episode 1 / Step 45 ]
# # # # # # # # # # 
#           B B B # 
#       B B B   B # 
#       T       B # 
#               B # 
#   F         H B # 
#                 # 
#                 # 
#                 # 
# # # # # # # # # # 
[ last/next direc: Direc.LEFT/Direc.LEFT ]

[ Episode 1 / Step 46 ]
# # # # # # # # # # 
#           B B B # 
#       T B B   B # 
#               B # 
#               B # 
#   F       H B B # 
#                 # 
#                 # 
#                 # 
# # # # # # # # # # 
[ last/next direc: Direc.LEFT/Direc.LEFT ]

[ Episode 1 / Step 47 ]
# # # # # # # # # # 
#           B B B # 
#         T B   B # 
#               B # 
#               B # 
#   F     H B B B # 
#                 # 
#                 # 
#                 # 
# # # # # # # # # # 
[ last/next direc: Direc.LEFT/Direc.LEFT ]

[ Episode 1 / Step 48 ]
# # # # # # # # # # 
#           B B B # 
#           T   B # 
#               B # 
#               B # 
#   F   H B B B B # 
#                 # 
#                 # 
#                 # 
# # # # # # # # # # 
[ last/next direc: Direc.LEFT/Direc.LEFT ]

[ Episode 1 / Step 49 ]
# # # # # # # # # # 
#           T B B # 
#               B # 
#               B # 
#               B # 
#   F H B B B B B # 
#                 # 
#                 # 
#                 # 
# # # # # # # # # # 
[ last/next direc: Direc.LEFT/Direc.LEFT ]

[ Episode 1 / Step 50 ]
# # # # # # # # # # 
#           T B B # 
#               B # 
#               B # 
#               B # 
#   H B B B B B B # 
#                 # 
#       F         # 
#                 # 
# # # # # # # # # # 
[ last/next direc: Direc.LEFT/Direc.DOWN ]

[ Episode 1 / Step 51 ]
# # # # # # # # # # 
#             T B # 
#               B # 
#               B # 
#               B # 
#   B B B B B B B # 
#   H             # 
#       F         # 
#                 # 
# # # # # # # # # # 
[ last/next direc: Direc.DOWN/Direc.DOWN ]

[ Episode 1 / Step 52 ]
# # # # # # # # # # 
#               T # 
#               B # 
#               B # 
#               B # 
#   B B B B B B B # 
#   B             # 
#   H   F         # 
#                 # 
# # # # # # # # # # 
[ last/next direc: Direc.DOWN/Direc.RIGHT ]

[ Episode 1 / Step 53 ]
# # # # # # # # # # 
#                 # 
#               T # 
#               B # 
#               B # 
#   B B B B B B B # 
#   B             # 
#   B H F         # 
#                 # 
# # # # # # # # # # 
[ last/next direc: Direc.RIGHT/Direc.RIGHT ]

[ Episode 1 / Step 54 ]
# # # # # # # # # # 
#                 # 
#               T # 
#               B # 
#             F B # 
#   B B B B B B B # 
#   B             # 
#   B B H         # 
#                 # 
# # # # # # # # # # 
[ last/next direc: Direc.RIGHT/Direc.DOWN ]

[ Episode 1 / Step 55 ]
# # # # # # # # # # 
#                 # 
#                 # 
#               T # 
#             F B # 
#   B B B B B B B # 
#   B             # 
#   B B B         # 
#       H         # 
# # # # # # # # # # 
[ last/next direc: Direc.DOWN/Direc.LEFT ]

[ Episode 1 / Step 56 ]
# # # # # # # # # # 
#                 # 
#                 # 
#                 # 
#             F T # 
#   B B B B B B B # 
#   B             # 
#   B B B         # 
#     H B         # 
# # # # # # # # # # 
[ last/next direc: Direc.LEFT/Direc.LEFT ]

[ Episode 1 / Step 57 ]
# # # # # # # # # # 
#                 # 
#                 # 
#                 # 
#             F   # 
#   B B B B B B T # 
#   B             # 
#   B B B         # 
#   H B B         # 
# # # # # # # # # # 
[ last/next direc: Direc.LEFT/Direc.LEFT ]

[ Episode 1 / Step 58 ]
# # # # # # # # # # 
#                 # 
#                 # 
#                 # 
#             F   # 
#   B B B B B T   # 
#   B             # 
#   B B B         # 
# H B B B         # 
# # # # # # # # # # 
[ last/next direc: Direc.LEFT/Direc.UP ]

[ Episode 1 / Step 59 ]
# # # # # # # # # # 
#                 # 
#                 # 
#                 # 
#             F   # 
#   B B B B T     # 
#   B             # 
# H B B B         # 
# B B B B         # 
# # # # # # # # # # 
[ last/next direc: Direc.UP/Direc.UP ]

[ Episode 1 / Step 60 ]
# # # # # # # # # # 
#                 # 
#                 # 
#                 # 
#             F   # 
#   B B B T       # 
# H B             # 
# B B B B         # 
# B B B B         # 
# # # # # # # # # # 
[ last/next direc: Direc.UP/Direc.UP ]

[ Episode 1 / Step 61 ]
# # # # # # # # # # 
#                 # 
#                 # 
#                 # 
#             F   # 
# H B B T         # 
# B B             # 
# B B B B         # 
# B B B B         # 
# # # # # # # # # # 
[ last/next direc: Direc.UP/Direc.UP ]

[ Episode 1 / Step 62 ]
# # # # # # # # # # 
#                 # 
#                 # 
#                 # 
# H           F   # 
# B B T           # 
# B B             # 
# B B B B         # 
# B B B B         # 
# # # # # # # # # # 
[ last/next direc: Direc.UP/Direc.RIGHT ]

[ Episode 1 / Step 63 ]
# # # # # # # # # # 
#                 # 
#                 # 
#                 # 
# B H         F   # 
# B T             # 
# B B             # 
# B B B B         # 
# B B B B         # 
# # # # # # # # # # 
[ last/next direc: Direc.RIGHT/Direc.RIGHT ]

[ Episode 1 / Step 64 ]
# # # # # # # # # # 
#                 # 
#                 # 
#                 # 
# B B H       F   # 
# B               # 
# B T             # 
# B B B B         # 
# B B B B         # 
# # # # # # # # # # 
[ last/next direc: Direc.RIGHT/Direc.RIGHT ]

[ Episode 1 / Step 65 ]
# # # # # # # # # # 
#                 # 
#                 # 
#                 # 
# B B B H     F   # 
# B               # 
# B               # 
# B T B B         # 
# B B B B         # 
# # # # # # # # # # 
[ last/next direc: Direc.RIGHT/Direc.RIGHT ]

[ Episode 1 / Step 66 ]
# # # # # # # # # # 
#                 # 
#                 # 
#                 # 
# B B B B H   F   # 
# B               # 
# B               # 
# B   T B         # 
# B B B B         # 
# # # # # # # # # # 
[ last/next direc: Direc.RIGHT/Direc.RIGHT ]

[ Episode 1 / Step 67 ]
# # # # # # # # # # 
#                 # 
#                 # 
#                 # 
# B B B B B H F   # 
# B               # 
# B               # 
# B     T         # 
# B B B B         # 
# # # # # # # # # # 
[ last/next direc: Direc.RIGHT/Direc.RIGHT ]

[ Episode 1 / Step 68 ]
# # # # # # # # # # 
#                 # 
#                 # 
# F               # 
# B B B B B B H   # 
# B               # 
# B               # 
# B     T         # 
# B B B B         # 
# # # # # # # # # # 
[ last/next direc: Direc.RIGHT/Direc.UP ]

[ Episode 1 / Step 69 ]
# # # # # # # # # # 
#                 # 
#                 # 
# F           H   # 
# B B B B B B B   # 
# B               # 
# B               # 
# B               # 
# B B B T         # 
# # # # # # # # # # 
[ last/next direc: Direc.UP/Direc.LEFT ]

[ Episode 1 / Step 70 ]
# # # # # # # # # # 
#                 # 
#                 # 
# F         H B   # 
# B B B B B B B   # 
# B               # 
# B               # 
# B               # 
# B B T           # 
# # # # # # # # # # 
[ last/next direc: Direc.LEFT/Direc.LEFT ]

[ Episode 1 / Step 71 ]
# # # # # # # # # # 
#                 # 
#                 # 
# F       H B B   # 
# B B B B B B B   # 
# B               # 
# B               # 
# B               # 
# B T             # 
# # # # # # # # # # 
[ last/next direc: Direc.LEFT/Direc.LEFT ]

[ Episode 1 / Step 72 ]
# # # # # # # # # # 
#                 # 
#                 # 
# F     H B B B   # 
# B B B B B B B   # 
# B               # 
# B               # 
# B               # 
# T               # 
# # # # # # # # # # 
[ last/next direc: Direc.LEFT/Direc.LEFT ]

[ Episode 1 / Step 73 ]
# # # # # # # # # # 
#                 # 
#                 # 
# F   H B B B B   # 
# B B B B B B B   # 
# B               # 
# B               # 
# T               # 
#                 # 
# # # # # # # # # # 
[ last/next direc: Direc.LEFT/Direc.LEFT ]

[ Episode 1 / Step 74 ]
# # # # # # # # # # 
#                 # 
#                 # 
# F H B B B B B   # 
# B B B B B B B   # 
# B               # 
# T               # 
#                 # 
#                 # 
# # # # # # # # # # 
[ last/next direc: Direc.LEFT/Direc.LEFT ]

[ Episode 1 / Step 75 ]
# # # # # # # # # # 
# F               # 
#                 # 
# H B B B B B B   # 
# B B B B B B B   # 
# B               # 
# T               # 
#                 # 
#                 # 
# # # # # # # # # # 
[ last/next direc: Direc.LEFT/Direc.UP ]

[ Episode 1 / Step 76 ]
# # # # # # # # # # 
# F               # 
# H               # 
# B B B B B B B   # 
# B B B B B B B   # 
# T               # 
#                 # 
#                 # 
#                 # 
# # # # # # # # # # 
[ last/next direc: Direc.UP/Direc.UP ]

[ Episode 1 / Step 77 ]
# # # # # # # # # # 
# H     F         # 
# B               # 
# B B B B B B B   # 
# B B B B B B B   # 
# T               # 
#                 # 
#                 # 
#                 # 
# # # # # # # # # # 
[ last/next direc: Direc.UP/Direc.RIGHT ]

[ Episode 1 / Step 78 ]
# # # # # # # # # # 
# B H   F         # 
# B               # 
# B B B B B B B   # 
# T B B B B B B   # 
#                 # 
#                 # 
#                 # 
#                 # 
# # # # # # # # # # 
[ last/next direc: Direc.RIGHT/Direc.RIGHT ]

[ Episode 1 / Step 79 ]
# # # # # # # # # # 
# B B H F         # 
# B               # 
# B B B B B B B   # 
#   T B B B B B   # 
#                 # 
#                 # 
#                 # 
#                 # 
# # # # # # # # # # 
[ last/next direc: Direc.RIGHT/Direc.RIGHT ]

[ Episode 1 / Step 80 ]
# # # # # # # # # # 
# B B B H         # 
# B               # 
# B B B B B B B   # 
#   T B B B B B F # 
#                 # 
#                 # 
#                 # 
#                 # 
# # # # # # # # # # 
[ last/next direc: Direc.RIGHT/Direc.RIGHT ]

[ Episode 1 / Step 81 ]
# # # # # # # # # # 
# B B B B H       # 
# B               # 
# B B B B B B B   # 
#     T B B B B F # 
#                 # 
#                 # 
#                 # 
#                 # 
# # # # # # # # # # 
[ last/next direc: Direc.RIGHT/Direc.RIGHT ]

[ Episode 1 / Step 82 ]
# # # # # # # # # # 
# B B B B B H     # 
# B               # 
# B B B B B B B   # 
#       T B B B F # 
#                 # 
#                 # 
#                 # 
#                 # 
# # # # # # # # # # 
[ last/next direc: Direc.RIGHT/Direc.RIGHT ]

[ Episode 1 / Step 83 ]
# # # # # # # # # # 
# B B B B B B H   # 
# B               # 
# B B B B B B B   # 
#         T B B F # 
#                 # 
#                 # 
#                 # 
#                 # 
# # # # # # # # # # 
[ last/next direc: Direc.RIGHT/Direc.RIGHT ]

[ Episode 1 / Step 84 ]
# # # # # # # # # # 
# B B B B B B B H # 
# B               # 
# B B B B B B B   # 
#           T B F # 
#                 # 
#                 # 
#                 # 
#                 # 
# # # # # # # # # # 
[ last/next direc: Direc.RIGHT/Direc.DOWN ]

[ Episode 1 / Step 85 ]
# # # # # # # # # # 
# B B B B B B B B # 
# B             H # 
# B B B B B B B   # 
#             T F # 
#                 # 
#                 # 
#                 # 
#                 # 
# # # # # # # # # # 
[ last/next direc: Direc.DOWN/Direc.DOWN ]

[ Episode 1 / Step 86 ]
# # # # # # # # # # 
# B B B B B B B B # 
# B             B # 
# B B B B B B T H # 
#               F # 
#                 # 
#                 # 
#                 # 
#                 # 
# # # # # # # # # # 
[ last/next direc: Direc.DOWN/Direc.DOWN ]

[ Episode 1 / Step 87 ]
# # # # # # # # # # 
# B B B B B B B B # 
# B             B # 
# B B B B B B T B # 
#               H # 
#                 # 
#       F         # 
#                 # 
#                 # 
# # # # # # # # # # 
[ last/next direc: Direc.DOWN/Direc.DOWN ]

[ Episode 1 / Step 88 ]
# # # # # # # # # # 
# B B B B B B B B # 
# B             B # 
# B B B B B T   B # 
#               B # 
#               H # 
#       F         # 
#                 # 
#                 # 
# # # # # # # # # # 
[ last/next direc: Direc.DOWN/Direc.DOWN ]

[ Episode 1 / Step 89 ]
# # # # # # # # # # 
# B B B B B B B B # 
# B             B # 
# B B B B T     B # 
#               B # 
#               B # 
#       F       H # 
#                 # 
#                 # 
# # # # # # # # # # 
[ last/next direc: Direc.DOWN/Direc.LEFT ]

[ Episode 1 / Step 90 ]
# # # # # # # # # # 
# B B B B B B B B # 
# B             B # 
# B B B T       B # 
#               B # 
#               B # 
#       F     H B # 
#                 # 
#                 # 
# # # # # # # # # # 
[ last/next direc: Direc.LEFT/Direc.LEFT ]

[ Episode 1 / Step 91 ]
# # # # # # # # # # 
# B B B B B B B B # 
# B             B # 
# B B T         B # 
#               B # 
#               B # 
#       F   H B B # 
#                 # 
#                 # 
# # # # # # # # # # 
[ last/next direc: Direc.LEFT/Direc.LEFT ]

[ Episode 1 / Step 92 ]
# # # # # # # # # # 
# B B B B B B B B # 
# B             B # 
# B T           B # 
#               B # 
#               B # 
#       F H B B B # 
#                 # 
#                 # 
# # # # # # # # # # 
[ last/next direc: Direc.LEFT/Direc.LEFT ]

[ Episode 1 / Step 93 ]
# # # # # # # # # # 
# B B B B B B B B # 
# B             B # 
# B T           B # 
#               B # 
#               B # 
#       H B B B B # 
#                 # 
#   F             # 
# # # # # # # # # # 
[ last/next direc: Direc.LEFT/Direc.LEFT ]

[ Episode 1 / Step 94 ]
# # # # # # # # # # 
# B B B B B B B B # 
# B             B # 
# T             B # 
#               B # 
#               B # 
#     H B B B B B # 
#                 # 
#   F             # 
# # # # # # # # # # 
[ last/next direc: Direc.LEFT/Direc.LEFT ]

[ Episode 1 / Step 95 ]
# # # # # # # # # # 
# B B B B B B B B # 
# T             B # 
#               B # 
#               B # 
#               B # 
#   H B B B B B B # 
#                 # 
#   F             # 
# # # # # # # # # # 
[ last/next direc: Direc.LEFT/Direc.DOWN ]

[ Episode 1 / Step 96 ]
# # # # # # # # # # 
# T B B B B B B B # 
#               B # 
#               B # 
#               B # 
#               B # 
#   B B B B B B B # 
#   H             # 
#   F             # 
# # # # # # # # # # 
[ last/next direc: Direc.DOWN/Direc.DOWN ]

[ Episode 1 / Step 97 ]
# # # # # # # # # # 
# T B B B B B B B # 
#               B # 
#               B # 
#               B # 
#               B # 
#   B B B B B B B # 
# F B             # 
#   H             # 
# # # # # # # # # # 
[ last/next direc: Direc.DOWN/Direc.LEFT ]

[ Episode 1 / Step 98 ]
# # # # # # # # # # 
#   T B B B B B B # 
#               B # 
#               B # 
#               B # 
#               B # 
#   B B B B B B B # 
# F B             # 
# H B             # 
# # # # # # # # # # 
[ last/next direc: Direc.LEFT/Direc.UP ]

[ Episode 1 / Step 99 ]
# # # # # # # # # # 
#   T B B B B B B # 
#               B # 
#               B # 
#               B # 
#             F B # 
#   B B B B B B B # 
# H B             # 
# B B             # 
# # # # # # # # # # 
[ last/next direc: Direc.UP/Direc.UP ]

[ Episode 1 / Step 100 ]
# # # # # # # # # # 
#     T B B B B B # 
#               B # 
#               B # 
#               B # 
#             F B # 
# H B B B B B B B # 
# B B             # 
# B B             # 
# # # # # # # # # # 
[ last/next direc: Direc.UP/Direc.UP ]

[ Episode 1 / Step 101 ]
# # # # # # # # # # 
#       T B B B B # 
#               B # 
#               B # 
#               B # 
# H           F B # 
# B B B B B B B B # 
# B B             # 
# B B             # 
# # # # # # # # # # 
[ last/next direc: Direc.UP/Direc.RIGHT ]

[ Episode 1 / Step 102 ]
# # # # # # # # # # 
#         T B B B # 
#               B # 
#               B # 
#               B # 
# B H         F B # 
# B B B B B B B B # 
# B B             # 
# B B             # 
# # # # # # # # # # 
[ last/next direc: Direc.RIGHT/Direc.RIGHT ]

[ Episode 1 / Step 103 ]
# # # # # # # # # # 
#           T B B # 
#               B # 
#               B # 
#               B # 
# B B H       F B # 
# B B B B B B B B # 
# B B             # 
# B B             # 
# # # # # # # # # # 
[ last/next direc: Direc.RIGHT/Direc.RIGHT ]

[ Episode 1 / Step 104 ]
# # # # # # # # # # 
#             T B # 
#               B # 
#               B # 
#               B # 
# B B B H     F B # 
# B B B B B B B B # 
# B B             # 
# B B             # 
# # # # # # # # # # 
[ last/next direc: Direc.RIGHT/Direc.RIGHT ]

[ Episode 1 / Step 105 ]
# # # # # # # # # # 
#               T # 
#               B # 
#               B # 
#               B # 
# B B B B H   F B # 
# B B B B B B B B # 
# B B             # 
# B B             # 
# # # # # # # # # # 
[ last/next direc: Direc.RIGHT/Direc.RIGHT ]

[ Episode 1 / Step 106 ]
# # # # # # # # # # 
#                 # 
#               T # 
#               B # 
#               B # 
# B B B B B H F B # 
# B B B B B B B B # 
# B B             # 
# B B             # 
# # # # # # # # # # 
[ last/next direc: Direc.RIGHT/Direc.RIGHT ]

[ Episode 1 / Step 107 ]
# # # # # # # # # # 
#     F           # 
#               T # 
#               B # 
#               B # 
# B B B B B B H B # 
# B B B B B B B B # 
# B B             # 
# B B             # 
# # # # # # # # # # 
[ last/next direc: Direc.RIGHT/Direc.UP ]

[ Episode 1 / Step 108 ]
# # # # # # # # # # 
#     F           # 
#                 # 
#               T # 
#             H B # 
# B B B B B B B B # 
# B B B B B B B B # 
# B B             # 
# B B             # 
# # # # # # # # # # 
[ last/next direc: Direc.UP/Direc.LEFT ]

[ Episode 1 / Step 109 ]
# # # # # # # # # # 
#     F           # 
#                 # 
#                 # 
#           H B T # 
# B B B B B B B B # 
# B B B B B B B B # 
# B B             # 
# B B             # 
# # # # # # # # # # 
[ last/next direc: Direc.LEFT/Direc.LEFT ]

[ Episode 1 / Step 110 ]
# # # # # # # # # # 
#     F           # 
#                 # 
#                 # 
#         H B B   # 
# B B B B B B B T # 
# B B B B B B B B # 
# B B             # 
# B B             # 
# # # # # # # # # # 
[ last/next direc: Direc.LEFT/Direc.LEFT ]

[ Episode 1 / Step 111 ]
# # # # # # # # # # 
#     F           # 
#                 # 
#                 # 
#       H B B B   # 
# B B B B B B B   # 
# B B B B B B B T # 
# B B             # 
# B B             # 
# # # # # # # # # # 
[ last/next direc: Direc.LEFT/Direc.LEFT ]

[ Episode 1 / Step 112 ]
# # # # # # # # # # 
#     F           # 
#                 # 
#                 # 
#     H B B B B   # 
# B B B B B B B   # 
# B B B B B B T   # 
# B B             # 
# B B             # 
# # # # # # # # # # 
[ last/next direc: Direc.LEFT/Direc.UP ]

[ Episode 1 / Step 113 ]
# # # # # # # # # # 
#     F           # 
#                 # 
#     H           # 
#     B B B B B   # 
# B B B B B B B   # 
# B B B B B T     # 
# B B             # 
# B B             # 
# # # # # # # # # # 
[ last/next direc: Direc.UP/Direc.UP ]

[ Episode 1 / Step 114 ]
# # # # # # # # # # 
#     F           # 
#     H           # 
#     B           # 
#     B B B B B   # 
# B B B B B B B   # 
# B B B B T       # 
# B B             # 
# B B             # 
# # # # # # # # # # 
[ last/next direc: Direc.UP/Direc.UP ]

[ Episode 1 / Step 115 ]
# # # # # # # # # # 
#     H           # 
#     B           # 
#     B           # 
#     B B B B B   # 
# B B B B B B B   # 
# B B B B T       # 
# B B             # 
# B B           F # 
# # # # # # # # # # 
[ last/next direc: Direc.UP/Direc.RIGHT ]

[ Episode 1 / Step 116 ]
# # # # # # # # # # 
#     B H         # 
#     B           # 
#     B           # 
#     B B B B B   # 
# B B B B B B B   # 
# B B B T         # 
# B B             # 
# B B           F # 
# # # # # # # # # # 
[ last/next direc: Direc.RIGHT/Direc.RIGHT ]

[ Episode 1 / Step 117 ]
# # # # # # # # # # 
#     B B H       # 
#     B           # 
#     B           # 
#     B B B B B   # 
# B B B B B B B   # 
# B B T           # 
# B B             # 
# B B           F # 
# # # # # # # # # # 
[ last/next direc: Direc.RIGHT/Direc.RIGHT ]

[ Episode 1 / Step 118 ]
# # # # # # # # # # 
#     B B B H     # 
#     B           # 
#     B           # 
#     B B B B B   # 
# B B B B B B B   # 
# B T             # 
# B B             # 
# B B           F # 
# # # # # # # # # # 
[ last/next direc: Direc.RIGHT/Direc.RIGHT ]

[ Episode 1 / Step 119 ]
# # # # # # # # # # 
#     B B B B H   # 
#     B           # 
#     B           # 
#     B B B B B   # 
# B B B B B B B   # 
# B               # 
# B T             # 
# B B           F # 
# # # # # # # # # # 
[ last/next direc: Direc.RIGHT/Direc.RIGHT ]

[ Episode 1 / Step 120 ]
# # # # # # # # # # 
#     B B B B B H # 
#     B           # 
#     B           # 
#     B B B B B   # 
# B B B B B B B   # 
# B               # 
# B               # 
# B T           F # 
# # # # # # # # # # 
[ last/next direc: Direc.RIGHT/Direc.DOWN ]

[ Episode 1 / Step 121 ]
# # # # # # # # # # 
#     B B B B B B # 
#     B         H # 
#     B           # 
#     B B B B B   # 
# B B B B B B B   # 
# B               # 
# B               # 
# T             F # 
# # # # # # # # # # 
[ last/next direc: Direc.DOWN/Direc.DOWN ]

[ Episode 1 / Step 122 ]
# # # # # # # # # # 
#     B B B B B B # 
#     B         B # 
#     B         H # 
#     B B B B B   # 
# B B B B B B B   # 
# B               # 
# T               # 
#               F # 
# # # # # # # # # # 
[ last/next direc: Direc.DOWN/Direc.DOWN ]

[ Episode 1 / Step 123 ]
# # # # # # # # # # 
#     B B B B B B # 
#     B         B # 
#     B         B # 
#     B B B B B H # 
# B B B B B B B   # 
# T               # 
#                 # 
#               F # 
# # # # # # # # # # 
[ last/next direc: Direc.DOWN/Direc.DOWN ]

[ Episode 1 / Step 124 ]
# # # # # # # # # # 
#     B B B B B B # 
#     B         B # 
#     B         B # 
#     B B B B B B # 
# T B B B B B B H # 
#                 # 
#                 # 
#               F # 
# # # # # # # # # # 
[ last/next direc: Direc.DOWN/Direc.DOWN ]

[ Episode 1 / Step 125 ]
# # # # # # # # # # 
#     B B B B B B # 
#     B         B # 
#     B         B # 
#     B B B B B B # 
#   T B B B B B B # 
#               H # 
#                 # 
#               F # 
# # # # # # # # # # 
[ last/next direc: Direc.DOWN/Direc.DOWN ]

[ Episode 1 / Step 126 ]
# # # # # # # # # # 
#     B B B B B B # 
#     B         B # 
#     B         B # 
#     B B B B B B # 
#     T B B B B B # 
#               B # 
#               H # 
#               F # 
# # # # # # # # # # 
[ last/next direc: Direc.DOWN/Direc.DOWN ]

[ Episode 1 / Step 127 ]
# # # # # # # # # # 
#     B B B B B B # 
#     B         B # 
#     B         B # 
#     B B B B B B # 
#     T B B B B B # 
#             F B # 
#               B # 
#               H # 
# # # # # # # # # # 
[ last/next direc: Direc.DOWN/Direc.LEFT ]

[ Episode 1 / Step 128 ]
# # # # # # # # # # 
#     B B B B B B # 
#     B         B # 
#     B         B # 
#     B B B B B B # 
#       T B B B B # 
#             F B # 
#               B # 
#             H B # 
# # # # # # # # # # 
[ last/next direc: Direc.LEFT/Direc.UP ]

[ Episode 1 / Step 129 ]
# # # # # # # # # # 
#     B B B B B B # 
#     B         B # 
#     B         B # 
#     B B B B B B # 
#         T B B B # 
#             F B # 
#             H B # 
#             B B # 
# # # # # # # # # # 
[ last/next direc: Direc.UP/Direc.UP ]

[ Episode 1 / Step 130 ]
# # # # # # # # # # 
#     B B B B B B # 
#     B         B # 
#     B         B # 
#     B B B B B B # 
#         T B B B # 
#           F H B # 
#             B B # 
#             B B # 
# # # # # # # # # # 
[ last/next direc: Direc.UP/Direc.LEFT ]

[ Episode 1 / Step 131 ]
# # # # # # # # # # 
#     B B B B B B # 
#     B         B # 
#     B         B # 
#     B B B B B B # 
#         T B B B # 
#           H B B # 
#           F B B # 
#             B B # 
# # # # # # # # # # 
[ last/next direc: Direc.LEFT/Direc.DOWN ]

[ Episode 1 / Step 132 ]
# # # # # # # # # # 
#     B B B B B B # 
#     B         B # 
#     B         B # 
#     B B B B B B # 
#         T B B B # 
#     F     B B B # 
#           H B B # 
#             B B # 
# # # # # # # # # # 
[ last/next direc: Direc.DOWN/Direc.LEFT ]

[ Episode 1 / Step 133 ]
# # # # # # # # # # 
#     B B B B B B # 
#     B         B # 
#     B         B # 
#     B B B B B B # 
#           T B B # 
#     F     B B B # 
#         H B B B # 
#             B B # 
# # # # # # # # # # 
[ last/next direc: Direc.LEFT/Direc.LEFT ]

[ Episode 1 / Step 134 ]
# # # # # # # # # # 
#     B B B B B B # 
#     B         B # 
#     B         B # 
#     B B B B B B # 
#             T B # 
#     F     B B B # 
#       H B B B B # 
#             B B # 
# # # # # # # # # # 
[ last/next direc: Direc.LEFT/Direc.LEFT ]

[ Episode 1 / Step 135 ]
# # # # # # # # # # 
#     B B B B B B # 
#     B         B # 
#     B         B # 
#     B B B B T B # 
#               B # 
#     F     B B B # 
#     H B B B B B # 
#             B B # 
# # # # # # # # # # 
[ last/next direc: Direc.LEFT/Direc.UP ]

[ Episode 1 / Step 136 ]
# # # # # # # # # # 
#     B B B B B B # 
#     B         B # 
#     B         B # 
#     B B B B T B # 
#               B # 
#     H     B B B # 
#     B B B B B B # 
#       F     B B # 
# # # # # # # # # # 
[ last/next direc: Direc.UP/Direc.LEFT ]

[ Episode 1 / Step 137 ]
# # # # # # # # # # 
#     B B B B B B # 
#     B         B # 
#     B         B # 
#     B B B T   B # 
#               B # 
#   H B     B B B # 
#     B B B B B B # 
#       F     B B # 
# # # # # # # # # # 
[ last/next direc: Direc.LEFT/Direc.DOWN ]

[ Episode 1 / Step 138 ]
# # # # # # # # # # 
#     B B B B B B # 
#     B         B # 
#     B         B # 
#     B B T     B # 
#               B # 
#   B B     B B B # 
#   H B B B B B B # 
#       F     B B # 
# # # # # # # # # # 
[ last/next direc: Direc.DOWN/Direc.DOWN ]

[ Episode 1 / Step 139 ]
# # # # # # # # # # 
#     B B B B B B # 
#     B         B # 
#     B         B # 
#     B T       B # 
#               B # 
#   B B     B B B # 
#   B B B B B B B # 
#   H   F     B B # 
# # # # # # # # # # 
[ last/next direc: Direc.DOWN/Direc.LEFT ]

[ Episode 1 / Step 140 ]
# # # # # # # # # # 
#     B B B B B B # 
#     B         B # 
#     B         B # 
#     T         B # 
#               B # 
#   B B     B B B # 
#   B B B B B B B # 
# H B   F     B B # 
# # # # # # # # # # 
[ last/next direc: Direc.LEFT/Direc.UP ]

[ Episode 1 / Step 141 ]
# # # # # # # # # # 
#     B B B B B B # 
#     B         B # 
#     T         B # 
#               B # 
#               B # 
#   B B     B B B # 
# H B B B B B B B # 
# B B   F     B B # 
# # # # # # # # # # 
[ last/next direc: Direc.UP/Direc.UP ]

[ Episode 1 / Step 142 ]
# # # # # # # # # # 
#     B B B B B B # 
#     T         B # 
#               B # 
#               B # 
#               B # 
# H B B     B B B # 
# B B B B B B B B # 
# B B   F     B B # 
# # # # # # # # # # 
[ last/next direc: Direc.UP/Direc.UP ]

[ Episode 1 / Step 143 ]
# # # # # # # # # # 
#     T B B B B B # 
#               B # 
#               B # 
#               B # 
# H             B # 
# B B B     B B B # 
# B B B B B B B B # 
# B B   F     B B # 
# # # # # # # # # # 
[ last/next direc: Direc.UP/Direc.RIGHT ]

[ Episode 1 / Step 144 ]
# # # # # # # # # # 
#       T B B B B # 
#               B # 
#               B # 
#               B # 
# B H           B # 
# B B B     B B B # 
# B B B B B B B B # 
# B B   F     B B # 
# # # # # # # # # # 
[ last/next direc: Direc.RIGHT/Direc.UP ]

[ Episode 1 / Step 145 ]
# # # # # # # # # # 
#         T B B B # 
#               B # 
#               B # 
#   H           B # 
# B B           B # 
# B B B     B B B # 
# B B B B B B B B # 
# B B   F     B B # 
# # # # # # # # # # 
[ last/next direc: Direc.UP/Direc.LEFT ]

[ Episode 1 / Step 146 ]
# # # # # # # # # # 
#           T B B # 
#               B # 
#               B # 
# H B           B # 
# B B           B # 
# B B B     B B B # 
# B B B B B B B B # 
# B B   F     B B # 
# # # # # # # # # # 
[ last/next direc: Direc.LEFT/Direc.UP ]

[ Episode 1 / Step 147 ]
# # # # # # # # # # 
#             T B # 
#               B # 
# H             B # 
# B B           B # 
# B B           B # 
# B B B     B B B # 
# B B B B B B B B # 
# B B   F     B B # 
# # # # # # # # # # 
[ last/next direc: Direc.UP/Direc.RIGHT ]

[ Episode 1 / Step 148 ]
# # # # # # # # # # 
#               T # 
#               B # 
# B H           B # 
# B B           B # 
# B B           B # 
# B B B     B B B # 
# B B B B B B B B # 
# B B   F     B B # 
# # # # # # # # # # 
[ last/next direc: Direc.RIGHT/Direc.UP ]

[ Episode 1 / Step 149 ]
# # # # # # # # # # 
#                 # 
#   H           T # 
# B B           B # 
# B B           B # 
# B B           B # 
# B B B     B B B # 
# B B B B B B B B # 
# B B   F     B B # 
# # # # # # # # # # 
[ last/next direc: Direc.UP/Direc.LEFT ]

[ Episode 1 / Step 150 ]
# # # # # # # # # # 
#                 # 
# H B             # 
# B B           T # 
# B B           B # 
# B B           B # 
# B B B     B B B # 
# B B B B B B B B # 
# B B   F     B B # 
# # # # # # # # # # 
[ last/next direc: Direc.LEFT/Direc.UP ]

[ Episode 1 / Step 151 ]
# # # # # # # # # # 
# H               # 
# B B             # 
# B B             # 
# B B           T # 
# B B           B # 
# B B B     B B B # 
# B B B B B B B B # 
# B B   F     B B # 
# # # # # # # # # # 
[ last/next direc: Direc.UP/Direc.RIGHT ]

[ Episode 1 / Step 152 ]
# # # # # # # # # # 
# B H             # 
# B B             # 
# B B             # 
# B B             # 
# B B           T # 
# B B B     B B B # 
# B B B B B B B B # 
# B B   F     B B # 
# # # # # # # # # # 
[ last/next direc: Direc.RIGHT/Direc.RIGHT ]

[ Episode 1 / Step 153 ]
# # # # # # # # # # 
# B B H           # 
# B B             # 
# B B             # 
# B B             # 
# B B             # 
# B B B     B B T # 
# B B B B B B B B # 
# B B   F     B B # 
# # # # # # # # # # 
[ last/next direc: Direc.RIGHT/Direc.DOWN ]

[ Episode 1 / Step 154 ]
# # # # # # # # # # 
# B B B           # 
# B B H           # 
# B B             # 
# B B             # 
# B B             # 
# B B B     B B   # 
# B B B B B B B T # 
# B B   F     B B # 
# # # # # # # # # # 
[ last/next direc: Direc.DOWN/Direc.RIGHT ]

[ Episode 1 / Step 155 ]
# # # # # # # # # # 
# B B B           # 
# B B B H         # 
# B B             # 
# B B             # 
# B B             # 
# B B B     B B   # 
# B B B B B B B   # 
# B B   F     B T # 
# # # # # # # # # # 
[ last/next direc: Direc.RIGHT/Direc.UP ]

[ Episode 1 / Step 156 ]
# # # # # # # # # # 
# B B B H         # 
# B B B B         # 
# B B             # 
# B B             # 
# B B             # 
# B B B     B B   # 
# B B B B B B B   # 
# B B   F     T   # 
# # # # # # # # # # 
[ last/next direc: Direc.UP/Direc.RIGHT ]

[ Episode 1 / Step 157 ]
# # # # # # # # # # 
# B B B B H       # 
# B B B B         # 
# B B             # 
# B B             # 
# B B             # 
# B B B     B B   # 
# B B B B B B T   # 
# B B   F         # 
# # # # # # # # # # 
[ last/next direc: Direc.RIGHT/Direc.RIGHT ]

[ Episode 1 / Step 158 ]
# # # # # # # # # # 
# B B B B B H     # 
# B B B B         # 
# B B             # 
# B B             # 
# B B             # 
# B B B     B T   # 
# B B B B B B     # 
# B B   F         # 
# # # # # # # # # # 
[ last/next direc: Direc.RIGHT/Direc.RIGHT ]

[ Episode 1 / Step 159 ]
# # # # # # # # # # 
# B B B B B B H   # 
# B B B B         # 
# B B             # 
# B B             # 
# B B             # 
# B B B     T     # 
# B B B B B B     # 
# B B   F         # 
# # # # # # # # # # 
[ last/next direc: Direc.RIGHT/Direc.DOWN ]

[ Episode 1 / Step 160 ]
# # # # # # # # # # 
# B B B B B B B   # 
# B B B B     H   # 
# B B             # 
# B B             # 
# B B             # 
# B B B           # 
# B B B B B T     # 
# B B   F         # 
# # # # # # # # # # 
[ last/next direc: Direc.DOWN/Direc.DOWN ]

[ Episode 1 / Step 161 ]
# # # # # # # # # # 
# B B B B B B B   # 
# B B B B     B   # 
# B B         H   # 
# B B             # 
# B B             # 
# B B B           # 
# B B B B T       # 
# B B   F         # 
# # # # # # # # # # 
[ last/next direc: Direc.DOWN/Direc.DOWN ]

[ Episode 1 / Step 162 ]
# # # # # # # # # # 
# B B B B B B B   # 
# B B B B     B   # 
# B B         B   # 
# B B         H   # 
# B B             # 
# B B B           # 
# B B B T         # 
# B B   F         # 
# # # # # # # # # # 
[ last/next direc: Direc.DOWN/Direc.DOWN ]

[ Episode 1 / Step 163 ]
# # # # # # # # # # 
# B B B B B B B   # 
# B B B B     B   # 
# B B         B   # 
# B B         B   # 
# B B         H   # 
# B B B           # 
# B B T           # 
# B B   F         # 
# # # # # # # # # # 
[ last/next direc: Direc.DOWN/Direc.DOWN ]

[ Episode 1 / Step 164 ]
# # # # # # # # # # 
# B B B B B B B   # 
# B B B B     B   # 
# B B         B   # 
# B B         B   # 
# B B         B   # 
# B B T       H   # 
# B B             # 
# B B   F         # 
# # # # # # # # # # 
[ last/next direc: Direc.DOWN/Direc.DOWN ]

[ Episode 1 / Step 165 ]
# # # # # # # # # # 
# B B B B B B B   # 
# B B B B     B   # 
# B B         B   # 
# B B         B   # 
# B B         B   # 
# B T         B   # 
# B B         H   # 
# B B   F         # 
# # # # # # # # # # 
[ last/next direc: Direc.DOWN/Direc.DOWN ]

[ Episode 1 / Step 166 ]
# # # # # # # # # # 
# B B B B B B B   # 
# B B B B     B   # 
# B B         B   # 
# B B         B   # 
# B B         B   # 
# B           B   # 
# B T         B   # 
# B B   F     H   # 
# # # # # # # # # # 
[ last/next direc: Direc.DOWN/Direc.LEFT ]

[ Episode 1 / Step 167 ]
# # # # # # # # # # 
# B B B B B B B   # 
# B B B B     B   # 
# B B         B   # 
# B B         B   # 
# B B         B   # 
# B           B   # 
# B           B   # 
# B T   F   H B   # 
# # # # # # # # # # 
[ last/next direc: Direc.LEFT/Direc.LEFT ]

[ Episode 1 / Step 168 ]
# # # # # # # # # # 
# B B B B B B B   # 
# B B B B     B   # 
# B B         B   # 
# B B         B   # 
# B B         B   # 
# B           B   # 
# B           B   # 
# T     F H B B   # 
# # # # # # # # # # 
[ last/next direc: Direc.LEFT/Direc.LEFT ]

[ Episode 1 / Step 169 ]
# # # # # # # # # # 
# B B B B B B B   # 
# B B B B     B   # 
# B B         B   # 
# B B         B   # 
# B B         B   # 
# B F         B   # 
# B           B   # 
# T     H B B B   # 
# # # # # # # # # # 
[ last/next direc: Direc.LEFT/Direc.LEFT ]

[ Episode 1 / Step 170 ]
# # # # # # # # # # 
# B B B B B B B   # 
# B B B B     B   # 
# B B         B   # 
# B B         B   # 
# B B         B   # 
# B F         B   # 
# T           B   # 
#     H B B B B   # 
# # # # # # # # # # 
[ last/next direc: Direc.LEFT/Direc.LEFT ]

[ Episode 1 / Step 171 ]
# # # # # # # # # # 
# B B B B B B B   # 
# B B B B     B   # 
# B B         B   # 
# B B         B   # 
# B B         B   # 
# T F         B   # 
#             B   # 
#   H B B B B B   # 
# # # # # # # # # # 
[ last/next direc: Direc.LEFT/Direc.UP ]

[ Episode 1 / Step 172 ]
# # # # # # # # # # 
# B B B B B B B   # 
# B B B B     B   # 
# B B         B   # 
# B B         B   # 
# T B         B   # 
#   F         B   # 
#   H         B   # 
#   B B B B B B   # 
# # # # # # # # # # 
[ last/next direc: Direc.UP/Direc.UP ]

[ Episode 1 / Step 173 ]
# # # # # # # # # # 
# B B B B B B B   # 
# B B B B     B   # 
# B B         B   # 
# B B         B   # 
# T B         B   # 
#   H         B   # 
#   B   F     B   # 
#   B B B B B B   # 
# # # # # # # # # # 
[ last/next direc: Direc.UP/Direc.RIGHT ]

[ Episode 1 / Step 174 ]
# # # # # # # # # # 
# B B B B B B B   # 
# B B B B     B   # 
# B B         B   # 
# B B         B   # 
#   T         B   # 
#   B H       B   # 
#   B   F     B   # 
#   B B B B B B   # 
# # # # # # # # # # 
[ last/next direc: Direc.RIGHT/Direc.RIGHT ]

[ Episode 1 / Step 175 ]
# # # # # # # # # # 
# B B B B B B B   # 
# B B B B     B   # 
# B B         B   # 
# B T         B   # 
#             B   # 
#   B B H     B   # 
#   B   F     B   # 
#   B B B B B B   # 
# # # # # # # # # # 
[ last/next direc: Direc.RIGHT/Direc.DOWN ]

[ Episode 1 / Step 176 ]
# # # # # # # # # # 
# B B B B B B B   # 
# B B B B     B   # 
# B B         B   # 
# B T         B   # 
#             B   # 
#   B B B     B   # 
#   B   H   F B   # 
#   B B B B B B   # 
# # # # # # # # # # 
[ last/next direc: Direc.DOWN/Direc.RIGHT ]

[ Episode 1 / Step 177 ]
# # # # # # # # # # 
# B B B B B B B   # 
# B B B B     B   # 
# B B         B   # 
# T           B   # 
#             B   # 
#   B B B     B   # 
#   B   B H F B   # 
#   B B B B B B   # 
# # # # # # # # # # 
[ last/next direc: Direc.RIGHT/Direc.RIGHT ]

[ Episode 1 / Step 178 ]
# # # # # # # # # # 
# B B B B B B B   # 
# B B B B F   B   # 
# B B         B   # 
# T           B   # 
#             B   # 
#   B B B     B   # 
#   B   B B H B   # 
#   B B B B B B   # 
# # # # # # # # # # 
[ last/next direc: Direc.RIGHT/Direc.UP ]

[ Episode 1 / Step 179 ]
# # # # # # # # # # 
# B B B B B B B   # 
# B B B B F   B   # 
# T B         B   # 
#             B   # 
#             B   # 
#   B B B   H B   # 
#   B   B B B B   # 
#   B B B B B B   # 
# # # # # # # # # # 
[ last/next direc: Direc.UP/Direc.UP ]

[ Episode 1 / Step 180 ]
# # # # # # # # # # 
# B B B B B B B   # 
# B B B B F   B   # 
#   T         B   # 
#             B   # 
#           H B   # 
#   B B B   B B   # 
#   B   B B B B   # 
#   B B B B B B   # 
# # # # # # # # # # 
[ last/next direc: Direc.UP/Direc.UP ]

[ Episode 1 / Step 181 ]
# # # # # # # # # # 
# B B B B B B B   # 
# B T B B F   B   # 
#             B   # 
#           H B   # 
#           B B   # 
#   B B B   B B   # 
#   B   B B B B   # 
#   B B B B B B   # 
# # # # # # # # # # 
[ last/next direc: Direc.UP/Direc.UP ]

[ Episode 1 / Step 182 ]
# # # # # # # # # # 
# B B B B B B B   # 
# T   B B F   B   # 
#           H B   # 
#           B B   # 
#           B B   # 
#   B B B   B B   # 
#   B   B B B B   # 
#   B B B B B B   # 
# # # # # # # # # # 
[ last/next direc: Direc.UP/Direc.UP ]

[ Episode 1 / Step 183 ]
# # # # # # # # # # 
# T B B B B B B   # 
#     B B F H B   # 
#           B B   # 
#           B B   # 
#           B B   # 
#   B B B   B B   # 
#   B   B B B B   # 
#   B B B B B B   # 
# # # # # # # # # # 
[ last/next direc: Direc.UP/Direc.LEFT ]

[ Episode 1 / Step 184 ]
# # # # # # # # # # 
# T B B B B B B   # 
#     B B H B B   # 
#           B B   # 
#           B B   # 
#           B B   # 
#   B B B   B B   # 
#   B   B B B B   # 
# F B B B B B B   # 
# # # # # # # # # # 
[ last/next direc: Direc.LEFT/Direc.DOWN ]

[ Episode 1 / Step 185 ]
# # # # # # # # # # 
#   T B B B B B   # 
#     B B B B B   # 
#         H B B   # 
#           B B   # 
#           B B   # 
#   B B B   B B   # 
#   B   B B B B   # 
# F B B B B B B   # 
# # # # # # # # # # 
[ last/next direc: Direc.DOWN/Direc.DOWN ]

[ Episode 1 / Step 186 ]
# # # # # # # # # # 
#     T B B B B   # 
#     B B B B B   # 
#         B B B   # 
#         H B B   # 
#           B B   # 
#   B B B   B B   # 
#   B   B B B B   # 
# F B B B B B B   # 
# # # # # # # # # # 
[ last/next direc: Direc.DOWN/Direc.DOWN ]

[ Episode 1 / Step 187 ]
# # # # # # # # # # 
#       B B B B   # 
#     T B B B B   # 
#         B B B   # 
#         B B B   # 
#         H B B   # 
#   B B B   B B   # 
#   B   B B B B   # 
# F B B B B B B   # 
# # # # # # # # # # 
[ last/next direc: Direc.DOWN/Direc.LEFT ]

[ Episode 1 / Step 188 ]
# # # # # # # # # # 
#       B B B B   # 
#       T B B B   # 
#         B B B   # 
#         B B B   # 
#       H B B B   # 
#   B B B   B B   # 
#   B   B B B B   # 
# F B B B B B B   # 
# # # # # # # # # # 
[ last/next direc: Direc.LEFT/Direc.LEFT ]

[ Episode 1 / Step 189 ]
# # # # # # # # # # 
#       T B B B   # 
#         B B B   # 
#         B B B   # 
#         B B B   # 
#     H B B B B   # 
#   B B B   B B   # 
#   B   B B B B   # 
# F B B B B B B   # 
# # # # # # # # # # 
[ last/next direc: Direc.LEFT/Direc.LEFT ]

[ Episode 1 / Step 190 ]
# # # # # # # # # # 
#         T B B   # 
#         B B B   # 
#         B B B   # 
#         B B B   # 
#   H B B B B B   # 
#   B B B   B B   # 
#   B   B B B B   # 
# F B B B B B B   # 
# # # # # # # # # # 
[ last/next direc: Direc.LEFT/Direc.LEFT ]

[ Episode 1 / Step 191 ]
# # # # # # # # # # 
#           T B   # 
#         B B B   # 
#         B B B   # 
#         B B B   # 
# H B B B B B B   # 
#   B B B   B B   # 
#   B   B B B B   # 
# F B B B B B B   # 
# # # # # # # # # # 
[ last/next direc: Direc.LEFT/Direc.UP ]

[ Episode 1 / Step 192 ]
# # # # # # # # # # 
#             T   # 
#         B B B   # 
#         B B B   # 
# H       B B B   # 
# B B B B B B B   # 
#   B B B   B B   # 
#   B   B B B B   # 
# F B B B B B B   # 
# # # # # # # # # # 
[ last/next direc: Direc.UP/Direc.RIGHT ]

[ Episode 1 / Step 193 ]
# # # # # # # # # # 
#                 # 
#         B B T   # 
#         B B B   # 
# B H     B B B   # 
# B B B B B B B   # 
#   B B B   B B   # 
#   B   B B B B   # 
# F B B B B B B   # 
# # # # # # # # # # 
[ last/next direc: Direc.RIGHT/Direc.UP ]

[ Episode 1 / Step 194 ]
# # # # # # # # # # 
#                 # 
#         B B     # 
#   H     B B T   # 
# B B     B B B   # 
# B B B B B B B   # 
#   B B B   B B   # 
#   B   B B B B   # 
# F B B B B B B   # 
# # # # # # # # # # 
[ last/next direc: Direc.UP/Direc.LEFT ]

[ Episode 1 / Step 195 ]
# # # # # # # # # # 
#                 # 
#         B B     # 
# H B     B B     # 
# B B     B B T   # 
# B B B B B B B   # 
#   B B B   B B   # 
#   B   B B B B   # 
# F B B B B B B   # 
# # # # # # # # # # 
[ last/next direc: Direc.LEFT/Direc.UP ]

[ Episode 1 / Step 196 ]
# # # # # # # # # # 
#                 # 
# H       B B     # 
# B B     B B     # 
# B B     B B     # 
# B B B B B B T   # 
#   B B B   B B   # 
#   B   B B B B   # 
# F B B B B B B   # 
# # # # # # # # # # 
[ last/next direc: Direc.UP/Direc.UP ]

[ Episode 1 / Step 197 ]
# # # # # # # # # # 
# H               # 
# B       B B     # 
# B B     B B     # 
# B B     B B     # 
# B B B B B B     # 
#   B B B   B T   # 
#   B   B B B B   # 
# F B B B B B B   # 
# # # # # # # # # # 
[ last/next direc: Direc.UP/Direc.RIGHT ]

[ Episode 1 / Step 198 ]
# # # # # # # # # # 
# B H             # 
# B       B B     # 
# B B     B B     # 
# B B     B B     # 
# B B B B B B     # 
#   B B B   B     # 
#   B   B B B T   # 
# F B B B B B B   # 
# # # # # # # # # # 
[ last/next direc: Direc.RIGHT/Direc.DOWN ]

[ Episode 1 / Step 199 ]
# # # # # # # # # # 
# B B             # 
# B H     B B     # 
# B B     B B     # 
# B B     B B     # 
# B B B B B B     # 
#   B B B   B     # 
#   B   B B B     # 
# F B B B B B T   # 
# # # # # # # # # # 
[ last/next direc: Direc.DOWN/Direc.RIGHT ]

[ Episode 1 / Step 200 ]
# # # # # # # # # # 
# B B             # 
# B B H   B B     # 
# B B     B B     # 
# B B     B B     # 
# B B B B B B     # 
#   B B B   B     # 
#   B   B B B     # 
# F B B B B T     # 
# # # # # # # # # # 
[ last/next direc: Direc.RIGHT/Direc.DOWN ]

[ Episode 1 / Step 201 ]
# # # # # # # # # # 
# B B             # 
# B B B   B B     # 
# B B H   B B     # 
# B B     B B     # 
# B B B B B B     # 
#   B B B   B     # 
#   B   B B B     # 
# F B B B T       # 
# # # # # # # # # # 
[ last/next direc: Direc.DOWN/Direc.DOWN ]

[ Episode 1 / Step 202 ]
# # # # # # # # # # 
# B B             # 
# B B B   B B     # 
# B B B   B B     # 
# B B H   B B     # 
# B B B B B B     # 
#   B B B   B     # 
#   B   B B B     # 
# F B B T         # 
# # # # # # # # # # 
[ last/next direc: Direc.DOWN/Direc.RIGHT ]

[ Episode 1 / Step 203 ]
# # # # # # # # # # 
# B B             # 
# B B B   B B     # 
# B B B   B B     # 
# B B B H B B     # 
# B B B B B B     # 
#   B B B   B     # 
#   B   B B B     # 
# F B T           # 
# # # # # # # # # # 
[ last/next direc: Direc.RIGHT/Direc.UP ]

[ Episode 1 / Step 204 ]
# # # # # # # # # # 
# B B             # 
# B B B   B B     # 
# B B B H B B     # 
# B B B B B B     # 
# B B B B B B     # 
#   B B B   B     # 
#   B   B B B     # 
# F T             # 
# # # # # # # # # # 
[ last/next direc: Direc.UP/Direc.UP ]

